<?xml version="1.0" encoding="UTF-8"?>
<testsuite xmlns:xsi="http://www.w3.org/2001/XMLSchema-instance" xsi:noNamespaceSchemaLocation="https://maven.apache.org/surefire/maven-surefire-plugin/xsd/surefire-test-report-3.0.xsd" version="3.0" name="pt.amane.inventory_service.InventoryServiceApplicationTests" time="14.811" tests="1" errors="0" skipped="0" failures="0">
  <properties>
[...]
</properties>
  <testcase name="contextLoads" classname="pt.amane.inventory_service.InventoryServiceApplicationTests" time="1.071">
    <system-out><![CDATA[09:38:51.390 [main] INFO org.springframework.test.context.support.AnnotationConfigContextLoaderUtils -- Could not detect default configuration classes for test class [pt.amane.inventory_service.InventoryServiceApplicationTests]: InventoryServiceApplicationTests does not declare any static, non-private, non-final, nested classes annotated with @Configuration.
09:38:51.599 [main] INFO org.springframework.boot.test.context.SpringBootTestContextBootstrapper -- Found @SpringBootConfiguration pt.amane.inventory_service.InventoryServiceApplication for test class pt.amane.inventory_service.InventoryServiceApplicationTests
 ___                             _                          ___                     _
 |_ _|  _ _   __ __  ___   _ _   | |_   ___   _ _   _  _    / __|  ___   _ _  __ __ (_)  __   ___
  | |  | ' \  \ V / / -_) | ' \  |  _| / _ \ | '_| | || |   \__ \ / -_) | '_| \ V / | | / _| / -_)
 |___| |_||_|  \_/  \___| |_||_|  \__| \___/ |_|    \_, |   |___/ \___| |_|    \_/  |_| \__| \___|
                                                    |__/
 
Powered by Spring Boot 3.3.2

2024-07-21T09:38:52.978+01:00  INFO 33940 --- [inventory-service] [           main] p.a.i.InventoryServiceApplicationTests   : Starting InventoryServiceApplicationTests using Java 17.0.5 with PID 33940 (started by manoa in C:\Project\Bootcamp\courses\microservices-new\inventory-service)
2024-07-21T09:38:52.982+01:00  INFO 33940 --- [inventory-service] [           main] p.a.i.InventoryServiceApplicationTests   : No active profile set, falling back to 1 default profile: "default"
2024-07-21T09:38:55.180+01:00  INFO 33940 --- [inventory-service] [           main] .s.d.r.c.RepositoryConfigurationDelegate : Bootstrapping Spring Data JPA repositories in DEFAULT mode.
2024-07-21T09:38:55.638+01:00  INFO 33940 --- [inventory-service] [           main] .s.d.r.c.RepositoryConfigurationDelegate : Finished Spring Data repository scanning in 423 ms. Found 1 JPA repository interface.
2024-07-21T09:38:56.399+01:00  INFO 33940 --- [inventory-service] [           main] o.s.cloud.context.scope.GenericScope     : BeanFactory id=f510b375-32a3-304c-8a83-8559f7b157dd
2024-07-21T09:38:56.707+01:00  WARN 33940 --- [inventory-service] [           main] trationDelegate$BeanPostProcessorChecker : Bean 'org.springframework.cloud.client.loadbalancer.LoadBalancerAutoConfiguration$DeferringLoadBalancerInterceptorConfig' of type [org.springframework.cloud.client.loadbalancer.LoadBalancerAutoConfiguration$DeferringLoadBalancerInterceptorConfig] is not eligible for getting processed by all BeanPostProcessors (for example: not eligible for auto-proxying). The currently created BeanPostProcessor [lbRestClientPostProcessor] is declared through a non-static factory method on that class; consider declaring it as static instead.
2024-07-21T09:38:56.714+01:00  WARN 33940 --- [inventory-service] [           main] trationDelegate$BeanPostProcessorChecker : Bean 'deferringLoadBalancerInterceptor' of type [org.springframework.cloud.client.loadbalancer.DeferringLoadBalancerInterceptor] is not eligible for getting processed by all BeanPostProcessors (for example: not eligible for auto-proxying). Is this bean getting eagerly injected into a currently created BeanPostProcessor [lbRestClientPostProcessor]? Check the corresponding BeanPostProcessor declaration and its dependencies.
2024-07-21T09:38:56.945+01:00  INFO 33940 --- [inventory-service] [           main] com.zaxxer.hikari.HikariDataSource       : HikariPool-1 - Starting...
2024-07-21T09:38:57.477+01:00  INFO 33940 --- [inventory-service] [           main] com.zaxxer.hikari.pool.HikariPool        : HikariPool-1 - Added connection com.mysql.cj.jdbc.ConnectionImpl@7739aac4
2024-07-21T09:38:57.481+01:00  INFO 33940 --- [inventory-service] [           main] com.zaxxer.hikari.HikariDataSource       : HikariPool-1 - Start completed.
2024-07-21T09:38:57.696+01:00  INFO 33940 --- [inventory-service] [           main] o.hibernate.jpa.internal.util.LogHelper  : HHH000204: Processing PersistenceUnitInfo [name: default]
2024-07-21T09:38:57.892+01:00  INFO 33940 --- [inventory-service] [           main] org.hibernate.Version                    : HHH000412: Hibernate ORM core version 6.5.2.Final
2024-07-21T09:38:58.006+01:00  INFO 33940 --- [inventory-service] [           main] o.h.c.internal.RegionFactoryInitiator    : HHH000026: Second-level cache disabled
2024-07-21T09:38:58.949+01:00  INFO 33940 --- [inventory-service] [           main] o.s.o.j.p.SpringPersistenceUnitInfo      : No LoadTimeWeaver setup: ignoring JPA class transformer
2024-07-21T09:38:59.103+01:00  WARN 33940 --- [inventory-service] [           main] org.hibernate.dialect.Dialect            : HHH000511: The 5.5.5 version for [org.hibernate.dialect.MySQLDialect] is no longer supported, hence certain features may not work properly. The minimum supported version is 8.0.0. Check the community dialects project for available legacy versions.
2024-07-21T09:38:59.118+01:00  WARN 33940 --- [inventory-service] [           main] org.hibernate.orm.deprecation            : HHH90000025: MySQLDialect does not need to be specified explicitly using 'hibernate.dialect' (remove the property setting and it will be selected by default)
2024-07-21T09:39:00.549+01:00  INFO 33940 --- [inventory-service] [           main] o.h.e.t.j.p.i.JtaPlatformInitiator       : HHH000489: No JTA platform available (set 'hibernate.transaction.jta.platform' to enable JTA platform integration)
2024-07-21T09:39:00.619+01:00  INFO 33940 --- [inventory-service] [           main] j.LocalContainerEntityManagerFactoryBean : Initialized JPA EntityManagerFactory for persistence unit 'default'
2024-07-21T09:39:01.888+01:00  WARN 33940 --- [inventory-service] [           main] JpaBaseConfiguration$JpaWebConfiguration : spring.jpa.open-in-view is enabled by default. Therefore, database queries may be performed during view rendering. Explicitly configure spring.jpa.open-in-view to disable this warning
2024-07-21T09:39:04.308+01:00  INFO 33940 --- [inventory-service] [           main] DiscoveryClientOptionalArgsConfiguration : Eureka HTTP Client uses RestTemplate.
2024-07-21T09:39:04.434+01:00  WARN 33940 --- [inventory-service] [           main] iguration$LoadBalancerCaffeineWarnLogger : Spring Cloud LoadBalancer is currently working with the default cache. While this cache implementation is useful for development and tests, it's recommended to use Caffeine cache in production.You can switch to using Caffeine cache, by adding it and org.springframework.cache.caffeine.CaffeineCacheManager to the classpath.
2024-07-21T09:39:04.511+01:00  INFO 33940 --- [inventory-service] [           main] p.a.i.InventoryServiceApplicationTests   : Started InventoryServiceApplicationTests in 12.516 seconds (process running for 14.589)
]]></system-out>
  </testcase>
</testsuite>